# JRE version: Java(TM) SE Runtime Environment (8.0_172-b11) (build 1.8.0_172-b11)
# Java VM: Java HotSpot(TM) 64-Bit Server VM (25.172-b11 mixed mode windows-amd64 compressed oops)
Heap:
 PSYoungGen      total 144896K, used 11746K [0x00000000d5d80000, 0x00000000e1880000, 0x0000000100000000)
  eden space 133120K, 0% used [0x00000000d5d80000,0x00000000d5d800b0,0x00000000ddf80000)
  from space 11776K, 99% used [0x00000000e0d00000,0x00000000e1878a78,0x00000000e1880000)
  to   space 5120K, 0% used [0x00000000ddf80000,0x00000000ddf80000,0x00000000de480000)
 ParOldGen       total 64512K, used 15020K [0x0000000081800000, 0x0000000085700000, 0x00000000d5d80000)
  object space 64512K, 23% used [0x0000000081800000,0x00000000826ab250,0x0000000085700000)
 Metaspace       used 32286K, capacity 32732K, committed 33024K, reserved 1079296K
  class space    used 3976K, capacity 4081K, committed 4096K, reserved 1048576K
GC Heap History (10 events):
Event: 7.476 GC heap before
{Heap before GC invocations=3 (full 0):
 PSYoungGen      total 71680K, used 68741K [0x00000000d5d80000, 0x00000000da880000, 0x0000000100000000)
  eden space 66560K, 95% used [0x00000000d5d80000,0x00000000d9ba5028,0x00000000d9e80000)
  from space 5120K, 99% used [0x00000000da380000,0x00000000da87c6f0,0x00000000da880000)
  to   space 5120K, 0% used [0x00000000d9e80000,0x00000000d9e80000,0x00000000da380000)
 ParOldGen       total 87552K, used 769K [0x0000000081800000, 0x0000000086d80000, 0x00000000d5d80000)
  object space 87552K, 0% used [0x0000000081800000,0x00000000818c0410,0x0000000086d80000)
 Metaspace       used 20877K, capacity 21222K, committed 21296K, reserved 1069056K
  class space    used 2572K, capacity 2680K, committed 2688K, reserved 1048576K
Event: 7.510 GC heap after
Heap after GC invocations=3 (full 0):
 PSYoungGen      total 71680K, used 5112K [0x00000000d5d80000, 0x00000000de980000, 0x0000000100000000)
  eden space 66560K, 0% used [0x00000000d5d80000,0x00000000d5d80000,0x00000000d9e80000)
  from space 5120K, 99% used [0x00000000d9e80000,0x00000000da37e030,0x00000000da380000)
  to   space 5120K, 0% used [0x00000000de480000,0x00000000de480000,0x00000000de980000)
 ParOldGen       total 87552K, used 6474K [0x0000000081800000, 0x0000000086d80000, 0x00000000d5d80000)
  object space 87552K, 7% used [0x0000000081800000,0x0000000081e52b68,0x0000000086d80000)
 Metaspace       used 20877K, capacity 21222K, committed 21296K, reserved 1069056K
  class space    used 2572K, capacity 2680K, committed 2688K, reserved 1048576K
}
Event: 7.510 GC heap before
{Heap before GC invocations=4 (full 1):
 PSYoungGen      total 71680K, used 5112K [0x00000000d5d80000, 0x00000000de980000, 0x0000000100000000)
  eden space 66560K, 0% used [0x00000000d5d80000,0x00000000d5d80000,0x00000000d9e80000)
  from space 5120K, 99% used [0x00000000d9e80000,0x00000000da37e030,0x00000000da380000)
  to   space 5120K, 0% used [0x00000000de480000,0x00000000de480000,0x00000000de980000)
 ParOldGen       total 87552K, used 6474K [0x0000000081800000, 0x0000000086d80000, 0x00000000d5d80000)
  object space 87552K, 7% used [0x0000000081800000,0x0000000081e52b68,0x0000000086d80000)
 Metaspace       used 20877K, capacity 21222K, committed 21296K, reserved 1069056K
  class space    used 2572K, capacity 2680K, committed 2688K, reserved 1048576K
Event: 7.608 GC heap after
Heap after GC invocations=4 (full 1):
 PSYoungGen      total 71680K, used 0K [0x00000000d5d80000, 0x00000000de980000, 0x0000000100000000)
  eden space 66560K, 0% used [0x00000000d5d80000,0x00000000d5d80000,0x00000000d9e80000)
  from space 5120K, 0% used [0x00000000d9e80000,0x00000000d9e80000,0x00000000da380000)
  to   space 5120K, 0% used [0x00000000de480000,0x00000000de480000,0x00000000de980000)
 ParOldGen       total 64512K, used 10554K [0x0000000081800000, 0x0000000085700000, 0x00000000d5d80000)
  object space 64512K, 16% used [0x0000000081800000,0x000000008224e910,0x0000000085700000)
 Metaspace       used 20877K, capacity 21222K, committed 21296K, reserved 1069056K
  class space    used 2572K, capacity 2680K, committed 2688K, reserved 1048576K
}
Event: 9.639 GC heap before
{Heap before GC invocations=5 (full 1):
 PSYoungGen      total 71680K, used 66560K [0x00000000d5d80000, 0x00000000de980000, 0x0000000100000000)
  eden space 66560K, 100% used [0x00000000d5d80000,0x00000000d9e80000,0x00000000d9e80000)
  from space 5120K, 0% used [0x00000000d9e80000,0x00000000d9e80000,0x00000000da380000)
  to   space 5120K, 0% used [0x00000000de480000,0x00000000de480000,0x00000000de980000)
 ParOldGen       total 64512K, used 10554K [0x0000000081800000, 0x0000000085700000, 0x00000000d5d80000)
  object space 64512K, 16% used [0x0000000081800000,0x000000008224e910,0x0000000085700000)
 Metaspace       used 23885K, capacity 24276K, committed 24576K, reserved 1071104K
  class space    used 2949K, capacity 3045K, committed 3072K, reserved 1048576K
Event: 9.701 GC heap after
Heap after GC invocations=5 (full 1):
 PSYoungGen      total 112640K, used 5119K [0x00000000d5d80000, 0x00000000de980000, 0x0000000100000000)
  eden space 107520K, 0% used [0x00000000d5d80000,0x00000000d5d80000,0x00000000dc680000)
  from space 5120K, 99% used [0x00000000de480000,0x00000000de97ffa8,0x00000000de980000)
  to   space 5120K, 0% used [0x00000000ddf80000,0x00000000ddf80000,0x00000000de480000)
 ParOldGen       total 64512K, used 10725K [0x0000000081800000, 0x0000000085700000, 0x00000000d5d80000)
  object space 64512K, 16% used [0x0000000081800000,0x00000000822794a8,0x0000000085700000)
 Metaspace       used 23885K, capacity 24276K, committed 24576K, reserved 1071104K
  class space    used 2949K, capacity 3045K, committed 3072K, reserved 1048576K
}
Event: 12.654 GC heap before
{Heap before GC invocations=6 (full 1):
 PSYoungGen      total 112640K, used 112639K [0x00000000d5d80000, 0x00000000de980000, 0x0000000100000000)
  eden space 107520K, 100% used [0x00000000d5d80000,0x00000000dc680000,0x00000000dc680000)
  from space 5120K, 99% used [0x00000000de480000,0x00000000de97ffa8,0x00000000de980000)
  to   space 5120K, 0% used [0x00000000ddf80000,0x00000000ddf80000,0x00000000de480000)
 ParOldGen       total 64512K, used 10725K [0x0000000081800000, 0x0000000085700000, 0x00000000d5d80000)
  object space 64512K, 16% used [0x0000000081800000,0x00000000822794a8,0x0000000085700000)
 Metaspace       used 29438K, capacity 29856K, committed 30208K, reserved 1075200K
  class space    used 3637K, capacity 3751K, committed 3840K, reserved 1048576K
Event: 12.664 GC heap after
Heap after GC invocations=6 (full 1):
 PSYoungGen      total 138240K, used 5102K [0x00000000d5d80000, 0x00000000e1880000, 0x0000000100000000)
  eden space 133120K, 0% used [0x00000000d5d80000,0x00000000d5d80000,0x00000000ddf80000)
  from space 5120K, 99% used [0x00000000ddf80000,0x00000000de47b9e8,0x00000000de480000)
  to   space 11776K, 0% used [0x00000000e0d00000,0x00000000e0d00000,0x00000000e1880000)
 ParOldGen       total 64512K, used 14466K [0x0000000081800000, 0x0000000085700000, 0x00000000d5d80000)
  object space 64512K, 22% used [0x0000000081800000,0x0000000082620850,0x0000000085700000)
 Metaspace       used 29438K, capacity 29856K, committed 30208K, reserved 1075200K
  class space    used 3637K, capacity 3751K, committed 3840K, reserved 1048576K
}
Event: 18.448 GC heap before
{Heap before GC invocations=7 (full 1):
 PSYoungGen      total 138240K, used 138222K [0x00000000d5d80000, 0x00000000e1880000, 0x0000000100000000)
  eden space 133120K, 100% used [0x00000000d5d80000,0x00000000ddf80000,0x00000000ddf80000)
  from space 5120K, 99% used [0x00000000ddf80000,0x00000000de47b9e8,0x00000000de480000)
  to   space 11776K, 0% used [0x00000000e0d00000,0x00000000e0d00000,0x00000000e1880000)
 ParOldGen       total 64512K, used 14466K [0x0000000081800000, 0x0000000085700000, 0x00000000d5d80000)
  object space 64512K, 22% used [0x0000000081800000,0x0000000082620850,0x0000000085700000)
 Metaspace       used 32286K, capacity 32732K, committed 33024K, reserved 1079296K
  class space    used 3976K, capacity 4081K, committed 4096K, reserved 1048576K
Event: 19.211 GC heap after
Heap after GC invocations=7 (full 1):
 PSYoungGen      total 144896K, used 11746K [0x00000000d5d80000, 0x00000000e1880000, 0x0000000100000000)
  eden space 133120K, 0% used [0x00000000d5d80000,0x00000000d5d80000,0x00000000ddf80000)
  from space 11776K, 99% used [0x00000000e0d00000,0x00000000e1878a78,0x00000000e1880000)
  to   space 5120K, 0% used [0x00000000ddf80000,0x00000000ddf80000,0x00000000de480000)
 ParOldGen       total 64512K, used 15020K [0x0000000081800000, 0x0000000085700000, 0x00000000d5d80000)
  object space 64512K, 23% used [0x0000000081800000,0x00000000826ab250,0x0000000085700000)
 Metaspace       used 32286K, capacity 32732K, committed 33024K, reserved 1079296K
  class space    used 3976K, capacity 4081K, committed 4096K, reserved 1048576K
}

