# JRE version: Java(TM) SE Runtime Environment (8.0_172-b11) (build 1.8.0_172-b11)
# Java VM: Java HotSpot(TM) 64-Bit Server VM (25.172-b11 mixed mode windows-amd64 compressed oops)
Heap:
 PSYoungGen      total 128512K, used 99724K [0x00000000d5d80000, 0x00000000de680000, 0x0000000100000000)
  eden space 119296K, 75% used [0x00000000d5d80000,0x00000000db5e3818,0x00000000dd200000)
  from space 9216K, 99% used [0x00000000dd200000,0x00000000ddaff9f8,0x00000000ddb00000)
  to   space 8704K, 0% used [0x00000000ddb00000,0x00000000ddb00000,0x00000000de380000)
 ParOldGen       total 49664K, used 8505K [0x0000000081800000, 0x0000000084880000, 0x00000000d5d80000)
  object space 49664K, 17% used [0x0000000081800000,0x000000008204e6d8,0x0000000084880000)
 Metaspace       used 34038K, capacity 34508K, committed 34816K, reserved 1079296K
  class space    used 4165K, capacity 4273K, committed 4352K, reserved 1048576K
GC Heap History (10 events):
Event: 7.442 GC heap before
{Heap before GC invocations=4 (full 0):
 PSYoungGen      total 38400K, used 36390K [0x00000000d5d80000, 0x00000000da880000, 0x0000000100000000)
  eden space 33280K, 94% used [0x00000000d5d80000,0x00000000d7c0dc80,0x00000000d7e00000)
  from space 5120K, 99% used [0x00000000d7e00000,0x00000000d82fbda8,0x00000000d8300000)
  to   space 5120K, 0% used [0x00000000da380000,0x00000000da380000,0x00000000da880000)
 ParOldGen       total 87552K, used 3720K [0x0000000081800000, 0x0000000086d80000, 0x00000000d5d80000)
  object space 87552K, 4% used [0x0000000081800000,0x0000000081ba23e0,0x0000000086d80000)
 Metaspace       used 20856K, capacity 21206K, committed 21296K, reserved 1069056K
  class space    used 2572K, capacity 2680K, committed 2688K, reserved 1048576K
Event: 7.510 GC heap after
Heap after GC invocations=4 (full 0):
 PSYoungGen      total 71680K, used 5096K [0x00000000d5d80000, 0x00000000da880000, 0x0000000100000000)
  eden space 66560K, 0% used [0x00000000d5d80000,0x00000000d5d80000,0x00000000d9e80000)
  from space 5120K, 99% used [0x00000000da380000,0x00000000da87a020,0x00000000da880000)
  to   space 5120K, 0% used [0x00000000d9e80000,0x00000000d9e80000,0x00000000da380000)
 ParOldGen       total 87552K, used 5765K [0x0000000081800000, 0x0000000086d80000, 0x00000000d5d80000)
  object space 87552K, 6% used [0x0000000081800000,0x0000000081da1490,0x0000000086d80000)
 Metaspace       used 20856K, capacity 21206K, committed 21296K, reserved 1069056K
  class space    used 2572K, capacity 2680K, committed 2688K, reserved 1048576K
}
Event: 7.510 GC heap before
{Heap before GC invocations=5 (full 1):
 PSYoungGen      total 71680K, used 5096K [0x00000000d5d80000, 0x00000000da880000, 0x0000000100000000)
  eden space 66560K, 0% used [0x00000000d5d80000,0x00000000d5d80000,0x00000000d9e80000)
  from space 5120K, 99% used [0x00000000da380000,0x00000000da87a020,0x00000000da880000)
  to   space 5120K, 0% used [0x00000000d9e80000,0x00000000d9e80000,0x00000000da380000)
 ParOldGen       total 87552K, used 5765K [0x0000000081800000, 0x0000000086d80000, 0x00000000d5d80000)
  object space 87552K, 6% used [0x0000000081800000,0x0000000081da1490,0x0000000086d80000)
 Metaspace       used 20856K, capacity 21206K, committed 21296K, reserved 1069056K
  class space    used 2572K, capacity 2680K, committed 2688K, reserved 1048576K
Event: 7.578 GC heap after
Heap after GC invocations=5 (full 1):
 PSYoungGen      total 71680K, used 0K [0x00000000d5d80000, 0x00000000da880000, 0x0000000100000000)
  eden space 66560K, 0% used [0x00000000d5d80000,0x00000000d5d80000,0x00000000d9e80000)
  from space 5120K, 0% used [0x00000000da380000,0x00000000da380000,0x00000000da880000)
  to   space 5120K, 0% used [0x00000000d9e80000,0x00000000d9e80000,0x00000000da380000)
 ParOldGen       total 49664K, used 6990K [0x0000000081800000, 0x0000000084880000, 0x00000000d5d80000)
  object space 49664K, 14% used [0x0000000081800000,0x0000000081ed39f8,0x0000000084880000)
 Metaspace       used 20856K, capacity 21206K, committed 21296K, reserved 1069056K
  class space    used 2572K, capacity 2680K, committed 2688K, reserved 1048576K
}
Event: 9.907 GC heap before
{Heap before GC invocations=6 (full 1):
 PSYoungGen      total 71680K, used 66560K [0x00000000d5d80000, 0x00000000da880000, 0x0000000100000000)
  eden space 66560K, 100% used [0x00000000d5d80000,0x00000000d9e80000,0x00000000d9e80000)
  from space 5120K, 0% used [0x00000000da380000,0x00000000da380000,0x00000000da880000)
  to   space 5120K, 0% used [0x00000000d9e80000,0x00000000d9e80000,0x00000000da380000)
 ParOldGen       total 49664K, used 6990K [0x0000000081800000, 0x0000000084880000, 0x00000000d5d80000)
  object space 49664K, 14% used [0x0000000081800000,0x0000000081ed39f8,0x0000000084880000)
 Metaspace       used 23868K, capacity 24260K, committed 24576K, reserved 1071104K
  class space    used 2950K, capacity 3045K, committed 3072K, reserved 1048576K
Event: 9.917 GC heap after
Heap after GC invocations=6 (full 1):
 PSYoungGen      total 71680K, used 5118K [0x00000000d5d80000, 0x00000000de380000, 0x0000000100000000)
  eden space 66560K, 0% used [0x00000000d5d80000,0x00000000d5d80000,0x00000000d9e80000)
  from space 5120K, 99% used [0x00000000d9e80000,0x00000000da37f910,0x00000000da380000)
  to   space 8704K, 0% used [0x00000000ddb00000,0x00000000ddb00000,0x00000000de380000)
 ParOldGen       total 49664K, used 7176K [0x0000000081800000, 0x0000000084880000, 0x00000000d5d80000)
  object space 49664K, 14% used [0x0000000081800000,0x0000000081f02290,0x0000000084880000)
 Metaspace       used 23868K, capacity 24260K, committed 24576K, reserved 1071104K
  class space    used 2950K, capacity 3045K, committed 3072K, reserved 1048576K
}
Event: 11.402 GC heap before
{Heap before GC invocations=7 (full 1):
 PSYoungGen      total 71680K, used 71678K [0x00000000d5d80000, 0x00000000de380000, 0x0000000100000000)
  eden space 66560K, 100% used [0x00000000d5d80000,0x00000000d9e80000,0x00000000d9e80000)
  from space 5120K, 99% used [0x00000000d9e80000,0x00000000da37f910,0x00000000da380000)
  to   space 8704K, 0% used [0x00000000ddb00000,0x00000000ddb00000,0x00000000de380000)
 ParOldGen       total 49664K, used 7176K [0x0000000081800000, 0x0000000084880000, 0x00000000d5d80000)
  object space 49664K, 14% used [0x0000000081800000,0x0000000081f02290,0x0000000084880000)
 Metaspace       used 28949K, capacity 29392K, committed 29568K, reserved 1075200K
  class space    used 3591K, capacity 3687K, committed 3712K, reserved 1048576K
Event: 11.510 GC heap after
Heap after GC invocations=7 (full 1):
 PSYoungGen      total 128000K, used 7633K [0x00000000d5d80000, 0x00000000de680000, 0x0000000100000000)
  eden space 119296K, 0% used [0x00000000d5d80000,0x00000000d5d80000,0x00000000dd200000)
  from space 8704K, 87% used [0x00000000ddb00000,0x00000000de274538,0x00000000de380000)
  to   space 9216K, 0% used [0x00000000dd200000,0x00000000dd200000,0x00000000ddb00000)
 ParOldGen       total 49664K, used 7184K [0x0000000081800000, 0x0000000084880000, 0x00000000d5d80000)
  object space 49664K, 14% used [0x0000000081800000,0x0000000081f04290,0x0000000084880000)
 Metaspace       used 28949K, capacity 29392K, committed 29568K, reserved 1075200K
  class space    used 3591K, capacity 3687K, committed 3712K, reserved 1048576K
}
Event: 14.290 GC heap before
{Heap before GC invocations=8 (full 1):
 PSYoungGen      total 128000K, used 126929K [0x00000000d5d80000, 0x00000000de680000, 0x0000000100000000)
  eden space 119296K, 100% used [0x00000000d5d80000,0x00000000dd200000,0x00000000dd200000)
  from space 8704K, 87% used [0x00000000ddb00000,0x00000000de274538,0x00000000de380000)
  to   space 9216K, 0% used [0x00000000dd200000,0x00000000dd200000,0x00000000ddb00000)
 ParOldGen       total 49664K, used 7184K [0x0000000081800000, 0x0000000084880000, 0x00000000d5d80000)
  object space 49664K, 14% used [0x0000000081800000,0x0000000081f04290,0x0000000084880000)
 Metaspace       used 31168K, capacity 31552K, committed 31872K, reserved 1077248K
  class space    used 3841K, capacity 3951K, committed 3968K, reserved 1048576K
Event: 14.367 GC heap after
Heap after GC invocations=8 (full 1):
 PSYoungGen      total 128512K, used 9214K [0x00000000d5d80000, 0x00000000de680000, 0x0000000100000000)
  eden space 119296K, 0% used [0x00000000d5d80000,0x00000000d5d80000,0x00000000dd200000)
  from space 9216K, 99% used [0x00000000dd200000,0x00000000ddaff9f8,0x00000000ddb00000)
  to   space 8704K, 0% used [0x00000000ddb00000,0x00000000ddb00000,0x00000000de380000)
 ParOldGen       total 49664K, used 8505K [0x0000000081800000, 0x0000000084880000, 0x00000000d5d80000)
  object space 49664K, 17% used [0x0000000081800000,0x000000008204e6d8,0x0000000084880000)
 Metaspace       used 31168K, capacity 31552K, committed 31872K, reserved 1077248K
  class space    used 3841K, capacity 3951K, committed 3968K, reserved 1048576K
}

