# JRE version: Java(TM) SE Runtime Environment (8.0_172-b11) (build 1.8.0_172-b11)
# Java VM: Java HotSpot(TM) 64-Bit Server VM (25.172-b11 mixed mode windows-amd64 compressed oops)
Heap:
 PSYoungGen      total 145408K, used 19398K [0x00000000d5d80000, 0x00000000e4f00000, 0x0000000100000000)
  eden space 133120K, 5% used [0x00000000d5d80000,0x00000000d64c3750,0x00000000ddf80000)
  from space 12288K, 97% used [0x00000000e4300000,0x00000000e4eae0c0,0x00000000e4f00000)
  to   space 5120K, 0% used [0x00000000ddf80000,0x00000000ddf80000,0x00000000de480000)
 ParOldGen       total 55296K, used 15337K [0x0000000081800000, 0x0000000084e00000, 0x00000000d5d80000)
  object space 55296K, 27% used [0x0000000081800000,0x00000000826fa450,0x0000000084e00000)
 Metaspace       used 32389K, capacity 32828K, committed 33152K, reserved 1079296K
  class space    used 4002K, capacity 4113K, committed 4224K, reserved 1048576K
GC Heap History (10 events):
Event: 7.496 GC heap before
{Heap before GC invocations=3 (full 0):
 PSYoungGen      total 71680K, used 69977K [0x00000000d5d80000, 0x00000000da880000, 0x0000000100000000)
  eden space 66560K, 97% used [0x00000000d5d80000,0x00000000d9cd99b0,0x00000000d9e80000)
  from space 5120K, 99% used [0x00000000da380000,0x00000000da87cda0,0x00000000da880000)
  to   space 5120K, 0% used [0x00000000d9e80000,0x00000000d9e80000,0x00000000da380000)
 ParOldGen       total 87552K, used 752K [0x0000000081800000, 0x0000000086d80000, 0x00000000d5d80000)
  object space 87552K, 0% used [0x0000000081800000,0x00000000818bc030,0x0000000086d80000)
 Metaspace       used 20872K, capacity 21222K, committed 21296K, reserved 1069056K
  class space    used 2572K, capacity 2680K, committed 2688K, reserved 1048576K
Event: 7.531 GC heap after
Heap after GC invocations=3 (full 0):
 PSYoungGen      total 71680K, used 5112K [0x00000000d5d80000, 0x00000000de980000, 0x0000000100000000)
  eden space 66560K, 0% used [0x00000000d5d80000,0x00000000d5d80000,0x00000000d9e80000)
  from space 5120K, 99% used [0x00000000d9e80000,0x00000000da37e030,0x00000000da380000)
  to   space 5120K, 0% used [0x00000000de480000,0x00000000de480000,0x00000000de980000)
 ParOldGen       total 87552K, used 6419K [0x0000000081800000, 0x0000000086d80000, 0x00000000d5d80000)
  object space 87552K, 7% used [0x0000000081800000,0x0000000081e44eb0,0x0000000086d80000)
 Metaspace       used 20872K, capacity 21222K, committed 21296K, reserved 1069056K
  class space    used 2572K, capacity 2680K, committed 2688K, reserved 1048576K
}
Event: 7.531 GC heap before
{Heap before GC invocations=4 (full 1):
 PSYoungGen      total 71680K, used 5112K [0x00000000d5d80000, 0x00000000de980000, 0x0000000100000000)
  eden space 66560K, 0% used [0x00000000d5d80000,0x00000000d5d80000,0x00000000d9e80000)
  from space 5120K, 99% used [0x00000000d9e80000,0x00000000da37e030,0x00000000da380000)
  to   space 5120K, 0% used [0x00000000de480000,0x00000000de480000,0x00000000de980000)
 ParOldGen       total 87552K, used 6419K [0x0000000081800000, 0x0000000086d80000, 0x00000000d5d80000)
  object space 87552K, 7% used [0x0000000081800000,0x0000000081e44eb0,0x0000000086d80000)
 Metaspace       used 20872K, capacity 21222K, committed 21296K, reserved 1069056K
  class space    used 2572K, capacity 2680K, committed 2688K, reserved 1048576K
Event: 7.592 GC heap after
Heap after GC invocations=4 (full 1):
 PSYoungGen      total 71680K, used 0K [0x00000000d5d80000, 0x00000000de980000, 0x0000000100000000)
  eden space 66560K, 0% used [0x00000000d5d80000,0x00000000d5d80000,0x00000000d9e80000)
  from space 5120K, 0% used [0x00000000d9e80000,0x00000000d9e80000,0x00000000da380000)
  to   space 5120K, 0% used [0x00000000de480000,0x00000000de480000,0x00000000de980000)
 ParOldGen       total 55296K, used 10560K [0x0000000081800000, 0x0000000084e00000, 0x00000000d5d80000)
  object space 55296K, 19% used [0x0000000081800000,0x00000000822501d0,0x0000000084e00000)
 Metaspace       used 20872K, capacity 21222K, committed 21296K, reserved 1069056K
  class space    used 2572K, capacity 2680K, committed 2688K, reserved 1048576K
}
Event: 9.840 GC heap before
{Heap before GC invocations=5 (full 1):
 PSYoungGen      total 71680K, used 66560K [0x00000000d5d80000, 0x00000000de980000, 0x0000000100000000)
  eden space 66560K, 100% used [0x00000000d5d80000,0x00000000d9e80000,0x00000000d9e80000)
  from space 5120K, 0% used [0x00000000d9e80000,0x00000000d9e80000,0x00000000da380000)
  to   space 5120K, 0% used [0x00000000de480000,0x00000000de480000,0x00000000de980000)
 ParOldGen       total 55296K, used 10569K [0x0000000081800000, 0x0000000084e00000, 0x00000000d5d80000)
  object space 55296K, 19% used [0x0000000081800000,0x0000000082252608,0x0000000084e00000)
 Metaspace       used 23886K, capacity 24276K, committed 24576K, reserved 1071104K
  class space    used 2950K, capacity 3045K, committed 3072K, reserved 1048576K
Event: 9.867 GC heap after
Heap after GC invocations=5 (full 1):
 PSYoungGen      total 127488K, used 5117K [0x00000000d5d80000, 0x00000000de980000, 0x0000000100000000)
  eden space 122368K, 0% used [0x00000000d5d80000,0x00000000d5d80000,0x00000000dd500000)
  from space 5120K, 99% used [0x00000000de480000,0x00000000de97f5d0,0x00000000de980000)
  to   space 5120K, 0% used [0x00000000ddf80000,0x00000000ddf80000,0x00000000de480000)
 ParOldGen       total 55296K, used 10796K [0x0000000081800000, 0x0000000084e00000, 0x00000000d5d80000)
  object space 55296K, 19% used [0x0000000081800000,0x000000008228b160,0x0000000084e00000)
 Metaspace       used 23886K, capacity 24276K, committed 24576K, reserved 1071104K
  class space    used 2950K, capacity 3045K, committed 3072K, reserved 1048576K
}
Event: 12.433 GC heap before
{Heap before GC invocations=6 (full 1):
 PSYoungGen      total 127488K, used 127485K [0x00000000d5d80000, 0x00000000de980000, 0x0000000100000000)
  eden space 122368K, 100% used [0x00000000d5d80000,0x00000000dd500000,0x00000000dd500000)
  from space 5120K, 99% used [0x00000000de480000,0x00000000de97f5d0,0x00000000de980000)
  to   space 5120K, 0% used [0x00000000ddf80000,0x00000000ddf80000,0x00000000de480000)
 ParOldGen       total 55296K, used 10796K [0x0000000081800000, 0x0000000084e00000, 0x00000000d5d80000)
  object space 55296K, 19% used [0x0000000081800000,0x000000008228b160,0x0000000084e00000)
 Metaspace       used 29680K, capacity 30086K, committed 30464K, reserved 1075200K
  class space    used 3667K, capacity 3784K, committed 3840K, reserved 1048576K
Event: 12.492 GC heap after
Heap after GC invocations=6 (full 1):
 PSYoungGen      total 138240K, used 5104K [0x00000000d5d80000, 0x00000000e4f00000, 0x0000000100000000)
  eden space 133120K, 0% used [0x00000000d5d80000,0x00000000d5d80000,0x00000000ddf80000)
  from space 5120K, 99% used [0x00000000ddf80000,0x00000000de47c3f8,0x00000000de480000)
  to   space 12288K, 0% used [0x00000000e4300000,0x00000000e4300000,0x00000000e4f00000)
 ParOldGen       total 55296K, used 15329K [0x0000000081800000, 0x0000000084e00000, 0x00000000d5d80000)
  object space 55296K, 27% used [0x0000000081800000,0x00000000826f8450,0x0000000084e00000)
 Metaspace       used 29680K, capacity 30086K, committed 30464K, reserved 1075200K
  class space    used 3667K, capacity 3784K, committed 3840K, reserved 1048576K
}
Event: 17.683 GC heap before
{Heap before GC invocations=7 (full 1):
 PSYoungGen      total 138240K, used 138224K [0x00000000d5d80000, 0x00000000e4f00000, 0x0000000100000000)
  eden space 133120K, 100% used [0x00000000d5d80000,0x00000000ddf80000,0x00000000ddf80000)
  from space 5120K, 99% used [0x00000000ddf80000,0x00000000de47c3f8,0x00000000de480000)
  to   space 12288K, 0% used [0x00000000e4300000,0x00000000e4300000,0x00000000e4f00000)
 ParOldGen       total 55296K, used 15329K [0x0000000081800000, 0x0000000084e00000, 0x00000000d5d80000)
  object space 55296K, 27% used [0x0000000081800000,0x00000000826f8450,0x0000000084e00000)
 Metaspace       used 32334K, capacity 32732K, committed 33024K, reserved 1079296K
  class space    used 3993K, capacity 4081K, committed 4096K, reserved 1048576K
Event: 18.644 GC heap after
Heap after GC invocations=7 (full 1):
 PSYoungGen      total 145408K, used 11960K [0x00000000d5d80000, 0x00000000e4f00000, 0x0000000100000000)
  eden space 133120K, 0% used [0x00000000d5d80000,0x00000000d5d80000,0x00000000ddf80000)
  from space 12288K, 97% used [0x00000000e4300000,0x00000000e4eae0c0,0x00000000e4f00000)
  to   space 5120K, 0% used [0x00000000ddf80000,0x00000000ddf80000,0x00000000de480000)
 ParOldGen       total 55296K, used 15337K [0x0000000081800000, 0x0000000084e00000, 0x00000000d5d80000)
  object space 55296K, 27% used [0x0000000081800000,0x00000000826fa450,0x0000000084e00000)
 Metaspace       used 32334K, capacity 32732K, committed 33024K, reserved 1079296K
  class space    used 3993K, capacity 4081K, committed 4096K, reserved 1048576K
}

