# JRE version: Java(TM) SE Runtime Environment (8.0_172-b11) (build 1.8.0_172-b11)
# Java VM: Java HotSpot(TM) 64-Bit Server VM (25.172-b11 mixed mode windows-amd64 compressed oops)
Heap:
 PSYoungGen      total 144896K, used 14254K [0x00000000d5d80000, 0x00000000e0e80000, 0x0000000100000000)
  eden space 133120K, 1% used [0x00000000d5d80000,0x00000000d5fecf78,0x00000000ddf80000)
  from space 11776K, 99% used [0x00000000e0300000,0x00000000e0e7e988,0x00000000e0e80000)
  to   space 5120K, 0% used [0x00000000ddf80000,0x00000000ddf80000,0x00000000de480000)
 ParOldGen       total 64512K, used 15119K [0x0000000081800000, 0x0000000085700000, 0x00000000d5d80000)
  object space 64512K, 23% used [0x0000000081800000,0x00000000826c3e10,0x0000000085700000)
 Metaspace       used 32266K, capacity 32732K, committed 33024K, reserved 1079296K
  class space    used 3982K, capacity 4081K, committed 4096K, reserved 1048576K
GC Heap History (10 events):
Event: 7.525 GC heap before
{Heap before GC invocations=3 (full 0):
 PSYoungGen      total 71680K, used 70473K [0x00000000d5d80000, 0x00000000da880000, 0x0000000100000000)
  eden space 66560K, 98% used [0x00000000d5d80000,0x00000000d9d5a020,0x00000000d9e80000)
  from space 5120K, 99% used [0x00000000da380000,0x00000000da878698,0x00000000da880000)
  to   space 5120K, 0% used [0x00000000d9e80000,0x00000000d9e80000,0x00000000da380000)
 ParOldGen       total 87552K, used 834K [0x0000000081800000, 0x0000000086d80000, 0x00000000d5d80000)
  object space 87552K, 0% used [0x0000000081800000,0x00000000818d0910,0x0000000086d80000)
 Metaspace       used 20913K, capacity 21222K, committed 21296K, reserved 1069056K
  class space    used 2578K, capacity 2680K, committed 2688K, reserved 1048576K
Event: 7.582 GC heap after
Heap after GC invocations=3 (full 0):
 PSYoungGen      total 71680K, used 5112K [0x00000000d5d80000, 0x00000000de980000, 0x0000000100000000)
  eden space 66560K, 0% used [0x00000000d5d80000,0x00000000d5d80000,0x00000000d9e80000)
  from space 5120K, 99% used [0x00000000d9e80000,0x00000000da37e030,0x00000000da380000)
  to   space 5120K, 0% used [0x00000000de480000,0x00000000de480000,0x00000000de980000)
 ParOldGen       total 87552K, used 6596K [0x0000000081800000, 0x0000000086d80000, 0x00000000d5d80000)
  object space 87552K, 7% used [0x0000000081800000,0x0000000081e711b0,0x0000000086d80000)
 Metaspace       used 20913K, capacity 21222K, committed 21296K, reserved 1069056K
  class space    used 2578K, capacity 2680K, committed 2688K, reserved 1048576K
}
Event: 7.582 GC heap before
{Heap before GC invocations=4 (full 1):
 PSYoungGen      total 71680K, used 5112K [0x00000000d5d80000, 0x00000000de980000, 0x0000000100000000)
  eden space 66560K, 0% used [0x00000000d5d80000,0x00000000d5d80000,0x00000000d9e80000)
  from space 5120K, 99% used [0x00000000d9e80000,0x00000000da37e030,0x00000000da380000)
  to   space 5120K, 0% used [0x00000000de480000,0x00000000de480000,0x00000000de980000)
 ParOldGen       total 87552K, used 6596K [0x0000000081800000, 0x0000000086d80000, 0x00000000d5d80000)
  object space 87552K, 7% used [0x0000000081800000,0x0000000081e711b0,0x0000000086d80000)
 Metaspace       used 20913K, capacity 21222K, committed 21296K, reserved 1069056K
  class space    used 2578K, capacity 2680K, committed 2688K, reserved 1048576K
Event: 7.673 GC heap after
Heap after GC invocations=4 (full 1):
 PSYoungGen      total 71680K, used 0K [0x00000000d5d80000, 0x00000000de980000, 0x0000000100000000)
  eden space 66560K, 0% used [0x00000000d5d80000,0x00000000d5d80000,0x00000000d9e80000)
  from space 5120K, 0% used [0x00000000d9e80000,0x00000000d9e80000,0x00000000da380000)
  to   space 5120K, 0% used [0x00000000de480000,0x00000000de480000,0x00000000de980000)
 ParOldGen       total 64512K, used 10644K [0x0000000081800000, 0x0000000085700000, 0x00000000d5d80000)
  object space 64512K, 16% used [0x0000000081800000,0x0000000082265150,0x0000000085700000)
 Metaspace       used 20913K, capacity 21222K, committed 21296K, reserved 1069056K
  class space    used 2578K, capacity 2680K, committed 2688K, reserved 1048576K
}
Event: 9.815 GC heap before
{Heap before GC invocations=5 (full 1):
 PSYoungGen      total 71680K, used 66560K [0x00000000d5d80000, 0x00000000de980000, 0x0000000100000000)
  eden space 66560K, 100% used [0x00000000d5d80000,0x00000000d9e80000,0x00000000d9e80000)
  from space 5120K, 0% used [0x00000000d9e80000,0x00000000d9e80000,0x00000000da380000)
  to   space 5120K, 0% used [0x00000000de480000,0x00000000de480000,0x00000000de980000)
 ParOldGen       total 64512K, used 10644K [0x0000000081800000, 0x0000000085700000, 0x00000000d5d80000)
  object space 64512K, 16% used [0x0000000081800000,0x0000000082265150,0x0000000085700000)
 Metaspace       used 23918K, capacity 24276K, committed 24576K, reserved 1071104K
  class space    used 2960K, capacity 3045K, committed 3072K, reserved 1048576K
Event: 9.823 GC heap after
Heap after GC invocations=5 (full 1):
 PSYoungGen      total 107008K, used 5096K [0x00000000d5d80000, 0x00000000de980000, 0x0000000100000000)
  eden space 101888K, 0% used [0x00000000d5d80000,0x00000000d5d80000,0x00000000dc100000)
  from space 5120K, 99% used [0x00000000de480000,0x00000000de97a270,0x00000000de980000)
  to   space 5120K, 0% used [0x00000000ddf80000,0x00000000ddf80000,0x00000000de480000)
 ParOldGen       total 64512K, used 10943K [0x0000000081800000, 0x0000000085700000, 0x00000000d5d80000)
  object space 64512K, 16% used [0x0000000081800000,0x00000000822afd20,0x0000000085700000)
 Metaspace       used 23918K, capacity 24276K, committed 24576K, reserved 1071104K
  class space    used 2960K, capacity 3045K, committed 3072K, reserved 1048576K
}
Event: 12.550 GC heap before
{Heap before GC invocations=6 (full 1):
 PSYoungGen      total 107008K, used 106984K [0x00000000d5d80000, 0x00000000de980000, 0x0000000100000000)
  eden space 101888K, 100% used [0x00000000d5d80000,0x00000000dc100000,0x00000000dc100000)
  from space 5120K, 99% used [0x00000000de480000,0x00000000de97a270,0x00000000de980000)
  to   space 5120K, 0% used [0x00000000ddf80000,0x00000000ddf80000,0x00000000de480000)
 ParOldGen       total 64512K, used 10943K [0x0000000081800000, 0x0000000085700000, 0x00000000d5d80000)
  object space 64512K, 16% used [0x0000000081800000,0x00000000822afd20,0x0000000085700000)
 Metaspace       used 29359K, capacity 29760K, committed 30208K, reserved 1075200K
  class space    used 3631K, capacity 3719K, committed 3840K, reserved 1048576K
Event: 12.598 GC heap after
Heap after GC invocations=6 (full 1):
 PSYoungGen      total 138240K, used 5099K [0x00000000d5d80000, 0x00000000e0e80000, 0x0000000100000000)
  eden space 133120K, 0% used [0x00000000d5d80000,0x00000000d5d80000,0x00000000ddf80000)
  from space 5120K, 99% used [0x00000000ddf80000,0x00000000de47ad68,0x00000000de480000)
  to   space 11776K, 0% used [0x00000000e0300000,0x00000000e0300000,0x00000000e0e80000)
 ParOldGen       total 64512K, used 14430K [0x0000000081800000, 0x0000000085700000, 0x00000000d5d80000)
  object space 64512K, 22% used [0x0000000081800000,0x0000000082617920,0x0000000085700000)
 Metaspace       used 29359K, capacity 29760K, committed 30208K, reserved 1075200K
  class space    used 3631K, capacity 3719K, committed 3840K, reserved 1048576K
}
Event: 18.696 GC heap before
{Heap before GC invocations=7 (full 1):
 PSYoungGen      total 138240K, used 138219K [0x00000000d5d80000, 0x00000000e0e80000, 0x0000000100000000)
  eden space 133120K, 100% used [0x00000000d5d80000,0x00000000ddf80000,0x00000000ddf80000)
  from space 5120K, 99% used [0x00000000ddf80000,0x00000000de47ad68,0x00000000de480000)
  to   space 11776K, 0% used [0x00000000e0300000,0x00000000e0300000,0x00000000e0e80000)
 ParOldGen       total 64512K, used 14430K [0x0000000081800000, 0x0000000085700000, 0x00000000d5d80000)
  object space 64512K, 22% used [0x0000000081800000,0x0000000082617920,0x0000000085700000)
 Metaspace       used 32259K, capacity 32668K, committed 33024K, reserved 1079296K
  class space    used 3982K, capacity 4081K, committed 4096K, reserved 1048576K
Event: 19.300 GC heap after
Heap after GC invocations=7 (full 1):
 PSYoungGen      total 144896K, used 11770K [0x00000000d5d80000, 0x00000000e0e80000, 0x0000000100000000)
  eden space 133120K, 0% used [0x00000000d5d80000,0x00000000d5d80000,0x00000000ddf80000)
  from space 11776K, 99% used [0x00000000e0300000,0x00000000e0e7e988,0x00000000e0e80000)
  to   space 5120K, 0% used [0x00000000ddf80000,0x00000000ddf80000,0x00000000de480000)
 ParOldGen       total 64512K, used 15119K [0x0000000081800000, 0x0000000085700000, 0x00000000d5d80000)
  object space 64512K, 23% used [0x0000000081800000,0x00000000826c3e10,0x0000000085700000)
 Metaspace       used 32259K, capacity 32668K, committed 33024K, reserved 1079296K
  class space    used 3982K, capacity 4081K, committed 4096K, reserved 1048576K
}

